<?xml version="1.0" encoding="UTF-8"?>
<!-- Generated by org.testng.reporters.JUnitReportReporter -->
<testsuite hostname="DESKTOP-BBKAIS2" failures="0" tests="1" name="test_testNG.excelreader" time="49.064" errors="0" timestamp="2022-07-21T21:55:33 IST" skipped="0">
  <testcase classname="test_testNG.excelreader" name="test_read" time="49.064"/>
  <system-out/>
</testsuite> <!-- test_testNG.excelreader -->
