<?xml version="1.0" encoding="UTF-8"?>
<!-- Generated by org.testng.reporters.JUnitReportReporter -->
<testsuite hostname="DESKTOP-BBKAIS2" failures="0" tests="10" name="test.test_1" time="0.095" errors="0" timestamp="2022-07-18T23:37:39 IST" skipped="0">
  <testcase classname="test.test_1" name="test_009" time="0.009"/>
  <system-out/>
  <testcase classname="test.test_1" name="test_004" time="0.005"/>
  <system-out/>
  <testcase classname="test.test_1" name="test_002" time="0.008"/>
  <system-out/>
  <testcase classname="test.test_1" name="test_005" time="0.007"/>
  <system-out/>
  <testcase classname="test.test_1" name="test_007" time="0.004"/>
  <system-out/>
  <testcase classname="test.test_1" name="test_010" time="0.005"/>
  <system-out/>
  <testcase classname="test.test_1" name="test_008" time="0.014"/>
  <system-out/>
  <testcase classname="test.test_1" name="test_006" time="0.006"/>
  <system-out/>
  <testcase classname="test.test_1" name="test_001" time="0.030"/>
  <system-out/>
  <testcase classname="test.test_1" name="test_003" time="0.007"/>
  <system-out/>
</testsuite> <!-- test.test_1 -->
