<?xml version="1.0" encoding="UTF-8"?>
<!-- Generated by org.testng.reporters.JUnitReportReporter -->
<testsuite hostname="DESKTOP-BBKAIS2" failures="0" tests="2" name="test_testNG.test_2" time="69.196" errors="0" timestamp="2022-07-19T12:00:45 IST" skipped="0">
  <testcase classname="test_testNG.test_2" name="test_1" time="29.512"/>
  <system-out/>
  <testcase classname="test_testNG.test_2" name="test_2" time="39.684"/>
  <system-out/>
</testsuite> <!-- test_testNG.test_2 -->
