<?xml version="1.0" encoding="UTF-8"?>
<!-- Generated by org.testng.reporters.JUnitReportReporter -->
<testsuite hostname="DESKTOP-BBKAIS2" failures="0" tests="1" name="test_testNG.testpom" time="14.613" errors="0" timestamp="2022-07-21T23:01:39 IST" skipped="0">
  <testcase classname="test_testNG.testpom" name="m1" time="14.613"/>
  <system-out/>
</testsuite> <!-- test_testNG.testpom -->
