<?xml version="1.0" encoding="UTF-8"?>
<!-- Generated by org.testng.reporters.JUnitReportReporter -->
<testsuite hostname="DESKTOP-BBKAIS2" failures="0" tests="6" name="test_testNG.test_4" time="92.360" errors="0" timestamp="2022-07-19T12:00:45 IST" skipped="0">
  <testcase classname="test_testNG.test_4" name="test_4" time="11.547"/>
  <system-out/>
  <testcase classname="test_testNG.test_4" name="test_3" time="17.897"/>
  <system-out/>
  <testcase classname="test_testNG.test_4" name="test_3" time="17.212"/>
  <system-out/>
  <testcase classname="test_testNG.test_4" name="test_3" time="15.371"/>
  <system-out/>
  <testcase classname="test_testNG.test_4" name="test_2" time="16.838"/>
  <system-out/>
  <testcase classname="test_testNG.test_4" name="test_1" time="13.495"/>
  <system-out/>
</testsuite> <!-- test_testNG.test_4 -->
