<?xml version="1.0" encoding="UTF-8"?>
<!-- Generated by org.testng.reporters.JUnitReportReporter -->
<testsuite hostname="DESKTOP-BBKAIS2" failures="0" tests="4" name="test_testNG.test_1" time="58.809" errors="0" timestamp="2022-07-19T12:00:45 IST" skipped="0">
  <testcase classname="test_testNG.test_1" name="test_3" time="20.410"/>
  <system-out/>
  <testcase classname="test_testNG.test_1" name="test_1" time="14.925"/>
  <system-out/>
  <testcase classname="test_testNG.test_1" name="test_2" time="10.500"/>
  <system-out/>
  <testcase classname="test_testNG.test_1" name="test_4" time="12.974"/>
  <system-out/>
</testsuite> <!-- test_testNG.test_1 -->
