<?xml version="1.0" encoding="UTF-8"?>
<!-- Generated by org.testng.reporters.JUnitReportReporter -->
<testsuite hostname="DESKTOP-BBKAIS2" failures="0" tests="1" name="test_testNG.logininstapom" time="14.661" errors="0" timestamp="2022-07-21T23:36:05 IST" skipped="0">
  <testcase classname="test_testNG.logininstapom" name="m1" time="14.661"/>
  <system-out/>
</testsuite> <!-- test_testNG.logininstapom -->
